[Licensing::Module] Trying to connect to existing licensing client channel...
Built from '6000.3/respin/6000.3.1f1-f56f53296c2c' branch; Version is '6000.3.1f1 (37142da19a94) revision 3609645'; Using compiler version '194234433'; Build Type 'Release'
[Licensing::IpcConnector] Successfully connected to: "LicenseClient-enesb" at "2026-02-17T21:42:14.6039305Z"
OS: 'Windows 11  (10.0.26200) 64bit Professional' Language: 'tr' Physical Memory: 15654 MB
BatchMode: 1, IsHumanControllingUs: 0, StartBugReporterOnCrash: 0, Is64bit: 1
Date: 2026-02-17T21:42:14Z

COMMAND LINE ARGUMENTS:
C:\Program Files\Unity\Hub\Editor\6000.3.1f1\Editor\Unity.exe
-batchmode
-nographics
-quit
-projectPath
C:\DormLifeRoguelike\My project
-runTests
-testPlatform
editmode
-testResults
C:\DormLifeRoguelike\My project\editmode-results.xml
-logFile
C:\DormLifeRoguelike\My project\editmode-run.log
Successfully changed project path to: C:\DormLifeRoguelike\My project
C:/DormLifeRoguelike/My project
Exiting without the bug reporter. Application will terminate with return code 1